2017-08-26 19:04:00.821 [jsoup-akka.actor.default-dispatcher-20] ERROR lew.bing.jsoup.Demo3$YueWenActor - 更新失败: 新书天择已上传，敬请光临。
2017-08-26 19:04:00.821 [jsoup-akka.actor.default-dispatcher-20] ERROR lew.bing.jsoup.Demo3$YueWenActor - 更新失败: 新书天择已上传，敬请光临。
2017-08-26 19:04:01.174 [jsoup-akka.actor.default-dispatcher-5] ERROR lew.bing.jsoup.Demo3$YueWenActor - 更新失败: 已经更新了书友们的47个问题回答。
2017-08-26 19:04:01.174 [jsoup-akka.actor.default-dispatcher-5] ERROR lew.bing.jsoup.Demo3$YueWenActor - 更新失败: 已经更新了书友们的47个问题回答。
2017-08-26 19:04:01.347 [jsoup-akka.actor.default-dispatcher-27] ERROR lew.bing.jsoup.Demo3$YueWenActor - 更新失败: 后记
2017-08-26 19:04:01.347 [jsoup-akka.actor.default-dispatcher-27] ERROR lew.bing.jsoup.Demo3$YueWenActor - 更新失败: 后记
2017-08-26 19:04:02.716 [jsoup-akka.actor.default-dispatcher-16] ERROR lew.bing.jsoup.Demo3$YueWenActor - 更新失败: 三天后更新终章，在公众版放出。
2017-08-26 19:04:02.716 [jsoup-akka.actor.default-dispatcher-16] ERROR lew.bing.jsoup.Demo3$YueWenActor - 更新失败: 三天后更新终章，在公众版放出。
2017-08-26 19:04:43.194 [jsoup-akka.actor.default-dispatcher-16] ERROR lew.bing.jsoup.Demo3$YueWenActor - 更新失败: 恢复正常更新AND这一次出差的感想。
2017-08-26 19:04:43.194 [jsoup-akka.actor.default-dispatcher-16] ERROR lew.bing.jsoup.Demo3$YueWenActor - 更新失败: 恢复正常更新AND这一次出差的感想。
2017-08-26 19:04:43.760 [jsoup-akka.actor.default-dispatcher-18] ERROR lew.bing.jsoup.Demo3$YueWenActor - 更新失败: 说明下，兼道歉
2017-08-26 19:04:43.760 [jsoup-akka.actor.default-dispatcher-18] ERROR lew.bing.jsoup.Demo3$YueWenActor - 更新失败: 说明下，兼道歉
2017-08-26 19:04:44.315 [jsoup-akka.actor.default-dispatcher-29] ERROR lew.bing.jsoup.Demo3$YueWenActor - 更新失败: 我要勃起，哦不对，奋起！我要努力更新，所以求点月票和推荐。
2017-08-26 19:04:44.315 [jsoup-akka.actor.default-dispatcher-29] ERROR lew.bing.jsoup.Demo3$YueWenActor - 更新失败: 我要勃起，哦不对，奋起！我要努力更新，所以求点月票和推荐。
2017-08-26 19:04:47.629 [jsoup-akka.actor.default-dispatcher-16] ERROR lew.bing.jsoup.Demo3$YueWenActor - 更新失败: 今天心绪不宁，确实是没有办法码字，所以请假一天
2017-08-26 19:04:47.629 [jsoup-akka.actor.default-dispatcher-16] ERROR lew.bing.jsoup.Demo3$YueWenActor - 更新失败: 今天心绪不宁，确实是没有办法码字，所以请假一天
2017-08-26 19:04:52.559 [jsoup-akka.actor.default-dispatcher-29] ERROR lew.bing.jsoup.Demo3$YueWenActor - 更新失败: 唔，因为受到了某种不可抗拒因素的影响，所以还是凌晨双飞两章
2017-08-26 19:04:52.559 [jsoup-akka.actor.default-dispatcher-29] ERROR lew.bing.jsoup.Demo3$YueWenActor - 更新失败: 唔，因为受到了某种不可抗拒因素的影响，所以还是凌晨双飞两章
2017-08-26 19:04:53.981 [jsoup-akka.actor.default-dispatcher-29] ERROR lew.bing.jsoup.Demo3$YueWenActor - 更新失败: 太丢人了........月票滑出前二十了，求两张月票遮羞啊。
2017-08-26 19:04:53.981 [jsoup-akka.actor.default-dispatcher-29] ERROR lew.bing.jsoup.Demo3$YueWenActor - 更新失败: 太丢人了........月票滑出前二十了，求两张月票遮羞啊。
2017-08-26 19:05:02.661 [jsoup-akka.actor.default-dispatcher-25] ERROR lew.bing.jsoup.Demo3$YueWenActor - 更新失败: 打滚求推荐以及一些说明
2017-08-26 19:05:02.661 [jsoup-akka.actor.default-dispatcher-25] ERROR lew.bing.jsoup.Demo3$YueWenActor - 更新失败: 打滚求推荐以及一些说明
2017-08-26 19:05:07.592 [jsoup-akka.actor.default-dispatcher-25] ERROR lew.bing.jsoup.Demo3$YueWenActor - 更新失败: 蛋疼了，鞭也疼！！求卫生巾，云南白药，碘酒，酒精止血！
2017-08-26 19:05:07.592 [jsoup-akka.actor.default-dispatcher-25] ERROR lew.bing.jsoup.Demo3$YueWenActor - 更新失败: 蛋疼了，鞭也疼！！求卫生巾，云南白药，碘酒，酒精止血！
2017-08-26 19:05:10.017 [jsoup-akka.actor.default-dispatcher-25] ERROR lew.bing.jsoup.Demo3$YueWenActor - 更新失败: 病了，请假一天。
2017-08-26 19:05:10.017 [jsoup-akka.actor.default-dispatcher-25] ERROR lew.bing.jsoup.Demo3$YueWenActor - 更新失败: 病了，请假一天。
2017-08-26 19:05:10.019 [jsoup-akka.actor.default-dispatcher-25] ERROR lew.bing.jsoup.Demo3$YueWenActor - 更新失败: 铁处女照片+最后一天！过期无效了！
2017-08-26 19:05:10.019 [jsoup-akka.actor.default-dispatcher-25] ERROR lew.bing.jsoup.Demo3$YueWenActor - 更新失败: 铁处女照片+最后一天！过期无效了！
2017-08-26 19:05:14.142 [jsoup-akka.actor.default-dispatcher-18] ERROR lew.bing.jsoup.Demo3$YueWenActor - 更新失败: 感谢大家的支持，我很满意，心定了码字去，今天三更。
2017-08-26 19:05:14.142 [jsoup-akka.actor.default-dispatcher-18] ERROR lew.bing.jsoup.Demo3$YueWenActor - 更新失败: 感谢大家的支持，我很满意，心定了码字去，今天三更。
2017-08-26 19:05:14.658 [jsoup-akka.actor.default-dispatcher-13] ERROR lew.bing.jsoup.Demo3$YueWenActor - 更新失败: 求伟哥！求牛鞭！求菟丝子！求淫羊藿！
2017-08-26 19:05:14.658 [jsoup-akka.actor.default-dispatcher-13] ERROR lew.bing.jsoup.Demo3$YueWenActor - 更新失败: 求伟哥！求牛鞭！求菟丝子！求淫羊藿！
2017-08-26 19:05:14.759 [jsoup-akka.actor.default-dispatcher-13] ERROR lew.bing.jsoup.Demo3$YueWenActor - 更新失败: 决战2012！！
2017-08-26 19:05:14.759 [jsoup-akka.actor.default-dispatcher-13] ERROR lew.bing.jsoup.Demo3$YueWenActor - 更新失败: 决战2012！！
2017-08-26 19:05:17.047 [jsoup-akka.actor.default-dispatcher-14] ERROR lew.bing.jsoup.Demo3$YueWenActor - 更新失败: 唔，更新凌晨一起发
2017-08-26 19:05:17.047 [jsoup-akka.actor.default-dispatcher-14] ERROR lew.bing.jsoup.Demo3$YueWenActor - 更新失败: 唔，更新凌晨一起发
2017-08-26 19:05:31.498 [jsoup-akka.actor.default-dispatcher-2] ERROR lew.bing.jsoup.Demo3$YueWenActor - 更新失败: 月初了，还是求一下下月票！因为才70名......
2017-08-26 19:05:31.498 [jsoup-akka.actor.default-dispatcher-2] ERROR lew.bing.jsoup.Demo3$YueWenActor - 更新失败: 月初了，还是求一下下月票！因为才70名......
2017-08-26 19:05:35.357 [jsoup-akka.actor.default-dispatcher-20] ERROR lew.bing.jsoup.Demo3$YueWenActor - 更新失败: 求推荐票！！求上榜，太惨了，
2017-08-26 19:05:35.357 [jsoup-akka.actor.default-dispatcher-20] ERROR lew.bing.jsoup.Demo3$YueWenActor - 更新失败: 求推荐票！！求上榜，太惨了，
2017-08-26 19:05:47.980 [jsoup-akka.actor.default-dispatcher-21] ERROR lew.bing.jsoup.Demo3$YueWenActor - 更新失败: 刚来电，现在开始码字。
2017-08-26 19:05:47.980 [jsoup-akka.actor.default-dispatcher-21] ERROR lew.bing.jsoup.Demo3$YueWenActor - 更新失败: 刚来电，现在开始码字。
2017-08-26 19:05:48.522 [jsoup-akka.actor.default-dispatcher-18] ERROR lew.bing.jsoup.Demo3$YueWenActor - 更新失败: 郁闷啊！！求推荐票月票安慰下。
2017-08-26 19:05:48.522 [jsoup-akka.actor.default-dispatcher-18] ERROR lew.bing.jsoup.Demo3$YueWenActor - 更新失败: 郁闷啊！！求推荐票月票安慰下。
2017-08-26 19:05:50.674 [jsoup-akka.actor.default-dispatcher-21] ERROR lew.bing.jsoup.Demo3$YueWenActor - 更新失败: 55
2017-08-26 19:05:50.674 [jsoup-akka.actor.default-dispatcher-21] ERROR lew.bing.jsoup.Demo3$YueWenActor - 更新失败: 55
2017-08-26 19:05:51.194 [jsoup-akka.actor.default-dispatcher-23] ERROR lew.bing.jsoup.Demo3$YueWenActor - 更新失败: 33
2017-08-26 19:05:51.194 [jsoup-akka.actor.default-dispatcher-23] ERROR lew.bing.jsoup.Demo3$YueWenActor - 更新失败: 33
2017-08-26 19:05:51.738 [jsoup-akka.actor.default-dispatcher-26] ERROR lew.bing.jsoup.Demo3$YueWenActor - 更新失败: 33
2017-08-26 19:05:51.738 [jsoup-akka.actor.default-dispatcher-26] ERROR lew.bing.jsoup.Demo3$YueWenActor - 更新失败: 33
2017-08-26 19:05:52.286 [jsoup-akka.actor.default-dispatcher-25] ERROR lew.bing.jsoup.Demo3$YueWenActor - 更新失败: 44
2017-08-26 19:05:52.286 [jsoup-akka.actor.default-dispatcher-25] ERROR lew.bing.jsoup.Demo3$YueWenActor - 更新失败: 44
2017-08-26 19:05:52.802 [jsoup-akka.actor.default-dispatcher-17] ERROR lew.bing.jsoup.Demo3$YueWenActor - 更新失败: 33
2017-08-26 19:05:52.802 [jsoup-akka.actor.default-dispatcher-17] ERROR lew.bing.jsoup.Demo3$YueWenActor - 更新失败: 33
2017-08-26 19:05:54.139 [jsoup-akka.actor.default-dispatcher-17] ERROR lew.bing.jsoup.Demo3$YueWenActor - 更新失败: 11
2017-08-26 19:05:54.139 [jsoup-akka.actor.default-dispatcher-17] ERROR lew.bing.jsoup.Demo3$YueWenActor - 更新失败: 11
2017-08-26 19:05:54.811 [jsoup-akka.actor.default-dispatcher-17] ERROR lew.bing.jsoup.Demo3$YueWenActor - 更新失败: 11
2017-08-26 19:05:54.811 [jsoup-akka.actor.default-dispatcher-17] ERROR lew.bing.jsoup.Demo3$YueWenActor - 更新失败: 11
2017-08-26 19:05:58.276 [jsoup-akka.actor.default-dispatcher-29] ERROR lew.bing.jsoup.Demo3$YueWenActor - 更新失败: 55
2017-08-26 19:05:58.276 [jsoup-akka.actor.default-dispatcher-29] ERROR lew.bing.jsoup.Demo3$YueWenActor - 更新失败: 55
2017-08-26 19:05:58.866 [jsoup-akka.actor.default-dispatcher-2] ERROR lew.bing.jsoup.Demo3$YueWenActor - 更新失败: 44
2017-08-26 19:05:58.866 [jsoup-akka.actor.default-dispatcher-2] ERROR lew.bing.jsoup.Demo3$YueWenActor - 更新失败: 44
2017-08-26 19:06:24.292 [jsoup-akka.actor.default-dispatcher-31] ERROR lew.bing.jsoup.Demo3$YueWenActor - 更新失败: 倒数第二了！推荐榜告急........
2017-08-26 19:06:24.292 [jsoup-akka.actor.default-dispatcher-31] ERROR lew.bing.jsoup.Demo3$YueWenActor - 更新失败: 倒数第二了！推荐榜告急........
2017-08-26 19:06:29.723 [jsoup-akka.actor.default-dispatcher-15] ERROR lew.bing.jsoup.Demo3$YueWenActor - 更新失败: 今天出了点事情，电话也丢了，更新会晚一点，不过还是三更
2017-08-26 19:06:29.723 [jsoup-akka.actor.default-dispatcher-15] ERROR lew.bing.jsoup.Demo3$YueWenActor - 更新失败: 今天出了点事情，电话也丢了，更新会晚一点，不过还是三更
2017-08-26 19:06:32.488 [jsoup-akka.actor.default-dispatcher-5] ERROR lew.bing.jsoup.Demo3$YueWenActor - 更新失败: 我真傻.....
2017-08-26 19:06:32.488 [jsoup-akka.actor.default-dispatcher-5] ERROR lew.bing.jsoup.Demo3$YueWenActor - 更新失败: 我真傻.....
2017-08-26 19:06:33.745 [jsoup-akka.actor.default-dispatcher-5] ERROR lew.bing.jsoup.Demo3$YueWenActor - 更新失败: 家里出了点急事，更新推迟到12点
2017-08-26 19:06:33.745 [jsoup-akka.actor.default-dispatcher-5] ERROR lew.bing.jsoup.Demo3$YueWenActor - 更新失败: 家里出了点急事，更新推迟到12点
2017-08-26 19:06:37.178 [jsoup-akka.actor.default-dispatcher-12] ERROR lew.bing.jsoup.Demo3$YueWenActor - 更新失败: 今天去医院拿采样培养报告去了，会晚点更新。
2017-08-26 19:06:37.178 [jsoup-akka.actor.default-dispatcher-12] ERROR lew.bing.jsoup.Demo3$YueWenActor - 更新失败: 今天去医院拿采样培养报告去了，会晚点更新。
2017-08-26 19:06:37.810 [jsoup-akka.actor.default-dispatcher-17] ERROR lew.bing.jsoup.Demo3$YueWenActor - 更新失败: 最艰难的时候，十二更的承诺。
2017-08-26 19:06:37.810 [jsoup-akka.actor.default-dispatcher-17] ERROR lew.bing.jsoup.Demo3$YueWenActor - 更新失败: 最艰难的时候，十二更的承诺。
2017-08-26 19:06:40.800 [jsoup-akka.actor.default-dispatcher-16] ERROR lew.bing.jsoup.Demo3$YueWenActor - 更新失败: 求大家帮忙.....一件小事
2017-08-26 19:06:40.800 [jsoup-akka.actor.default-dispatcher-16] ERROR lew.bing.jsoup.Demo3$YueWenActor - 更新失败: 求大家帮忙.....一件小事
2017-08-26 19:06:42.617 [jsoup-akka.actor.default-dispatcher-23] ERROR lew.bing.jsoup.Demo3$YueWenActor - 更新失败: 咳咳，本周我又没推荐，大家可以赏一张票不？
2017-08-26 19:06:42.617 [jsoup-akka.actor.default-dispatcher-23] ERROR lew.bing.jsoup.Demo3$YueWenActor - 更新失败: 咳咳，本周我又没推荐，大家可以赏一张票不？
2017-08-26 19:06:45.281 [jsoup-akka.actor.default-dispatcher-17] ERROR lew.bing.jsoup.Demo3$YueWenActor - 更新失败: 裸奔无推荐！求大家推荐我！推荐票，月票什么都要。（内附互动竞猜）
2017-08-26 19:06:45.281 [jsoup-akka.actor.default-dispatcher-17] ERROR lew.bing.jsoup.Demo3$YueWenActor - 更新失败: 裸奔无推荐！求大家推荐我！推荐票，月票什么都要。（内附互动竞猜）
2017-08-26 19:06:46.695 [jsoup-akka.actor.default-dispatcher-16] ERROR lew.bing.jsoup.Demo3$YueWenActor - 更新失败: 悲催的我的失踪经历。（下）
2017-08-26 19:06:46.695 [jsoup-akka.actor.default-dispatcher-16] ERROR lew.bing.jsoup.Demo3$YueWenActor - 更新失败: 悲催的我的失踪经历。（下）
2017-08-26 19:06:47.211 [jsoup-akka.actor.default-dispatcher-31] ERROR lew.bing.jsoup.Demo3$YueWenActor - 更新失败: 悲催的我的失踪经历。（上）
2017-08-26 19:06:47.211 [jsoup-akka.actor.default-dispatcher-31] ERROR lew.bing.jsoup.Demo3$YueWenActor - 更新失败: 悲催的我的失踪经历。（上）
2017-08-26 19:06:49.999 [jsoup-akka.actor.default-dispatcher-28] ERROR lew.bing.jsoup.Demo3$YueWenActor - 更新失败: 好吧，我被骗了.........
2017-08-26 19:06:49.999 [jsoup-akka.actor.default-dispatcher-28] ERROR lew.bing.jsoup.Demo3$YueWenActor - 更新失败: 好吧，我被骗了.........
2017-08-26 19:06:53.168 [jsoup-akka.actor.default-dispatcher-13] ERROR lew.bing.jsoup.Demo3$YueWenActor - 更新失败: 内牛满面，从早上8点等到现在
2017-08-26 19:06:53.168 [jsoup-akka.actor.default-dispatcher-13] ERROR lew.bing.jsoup.Demo3$YueWenActor - 更新失败: 内牛满面，从早上8点等到现在
2017-08-26 19:06:53.251 [jsoup-akka.actor.default-dispatcher-24] ERROR lew.bing.jsoup.Demo3$YueWenActor - 更新失败: 内牛满面，从早上8点等到现在
2017-08-26 19:06:53.251 [jsoup-akka.actor.default-dispatcher-24] ERROR lew.bing.jsoup.Demo3$YueWenActor - 更新失败: 内牛满面，从早上8点等到现在
2017-08-26 19:06:53.743 [jsoup-akka.actor.default-dispatcher-14] ERROR lew.bing.jsoup.Demo3$YueWenActor - 更新失败: 有推荐了！却依然裸奔，命苦，泪水！求推荐票！
2017-08-26 19:06:53.743 [jsoup-akka.actor.default-dispatcher-14] ERROR lew.bing.jsoup.Demo3$YueWenActor - 更新失败: 有推荐了！却依然裸奔，命苦，泪水！求推荐票！
2017-08-26 19:06:55.722 [jsoup-akka.actor.default-dispatcher-14] ERROR lew.bing.jsoup.Demo3$YueWenActor - 更新失败: 我有罪，求判决......
2017-08-26 19:06:55.722 [jsoup-akka.actor.default-dispatcher-14] ERROR lew.bing.jsoup.Demo3$YueWenActor - 更新失败: 我有罪，求判决......
2017-08-26 19:07:00.097 [jsoup-akka.actor.default-dispatcher-24] ERROR lew.bing.jsoup.Demo3$YueWenActor - 更新失败: 十四更爆发求票！顺带给个小结说明。
2017-08-26 19:07:00.097 [jsoup-akka.actor.default-dispatcher-24] ERROR lew.bing.jsoup.Demo3$YueWenActor - 更新失败: 十四更爆发求票！顺带给个小结说明。
2017-08-26 19:07:00.275 [jsoup-akka.actor.default-dispatcher-12] ERROR lew.bing.jsoup.Demo3$YueWenActor - 更新失败: 大家可怜可怜我，让我先吃饭吧.......12点继续爆
2017-08-26 19:07:00.275 [jsoup-akka.actor.default-dispatcher-12] ERROR lew.bing.jsoup.Demo3$YueWenActor - 更新失败: 大家可怜可怜我，让我先吃饭吧.......12点继续爆
2017-08-26 19:07:04.053 [jsoup-akka.actor.default-dispatcher-15] ERROR lew.bing.jsoup.Demo3$YueWenActor - 更新失败: 关于上一卷的总结和下一卷的说明
2017-08-26 19:07:04.053 [jsoup-akka.actor.default-dispatcher-15] ERROR lew.bing.jsoup.Demo3$YueWenActor - 更新失败: 关于上一卷的总结和下一卷的说明
2017-08-26 19:07:05.381 [jsoup-akka.actor.default-dispatcher-19] ERROR lew.bing.jsoup.Demo3$YueWenActor - 更新失败: 裸奔中！求一张推荐票给敏感部位打上马赛克....
2017-08-26 19:07:05.381 [jsoup-akka.actor.default-dispatcher-19] ERROR lew.bing.jsoup.Demo3$YueWenActor - 更新失败: 裸奔中！求一张推荐票给敏感部位打上马赛克....
2017-08-26 19:07:06.489 [jsoup-akka.actor.default-dispatcher-28] ERROR lew.bing.jsoup.Demo3$YueWenActor - 更新失败: 高潮即将到来，最精彩的部分，需要推荐票滋阴壮阳啊！
2017-08-26 19:07:06.489 [jsoup-akka.actor.default-dispatcher-28] ERROR lew.bing.jsoup.Demo3$YueWenActor - 更新失败: 高潮即将到来，最精彩的部分，需要推荐票滋阴壮阳啊！
2017-08-26 19:07:07.789 [jsoup-akka.actor.default-dispatcher-28] ERROR lew.bing.jsoup.Demo3$YueWenActor - 更新失败: 唔，发现了一本蛮不错的书。
2017-08-26 19:07:07.789 [jsoup-akka.actor.default-dispatcher-28] ERROR lew.bing.jsoup.Demo3$YueWenActor - 更新失败: 唔，发现了一本蛮不错的书。
2017-08-26 19:07:12.434 [jsoup-akka.actor.default-dispatcher-24] ERROR lew.bing.jsoup.Demo3$YueWenActor - 更新失败: 裸奔，又见裸奔！求一张推荐票遮住要害部位
2017-08-26 19:07:12.434 [jsoup-akka.actor.default-dispatcher-24] ERROR lew.bing.jsoup.Demo3$YueWenActor - 更新失败: 裸奔，又见裸奔！求一张推荐票遮住要害部位
2017-08-26 19:07:13.899 [jsoup-akka.actor.default-dispatcher-16] ERROR lew.bing.jsoup.Demo3$YueWenActor - 更新失败: 忘了说，今晚12点也有加更
2017-08-26 19:07:13.899 [jsoup-akka.actor.default-dispatcher-16] ERROR lew.bing.jsoup.Demo3$YueWenActor - 更新失败: 忘了说，今晚12点也有加更
2017-08-26 19:07:17.909 [jsoup-akka.actor.default-dispatcher-2] ERROR lew.bing.jsoup.Demo3$YueWenActor - 更新失败: 冲刺！百万推荐票！
2017-08-26 19:07:17.909 [jsoup-akka.actor.default-dispatcher-2] ERROR lew.bing.jsoup.Demo3$YueWenActor - 更新失败: 冲刺！百万推荐票！
2017-08-26 19:07:22.444 [jsoup-akka.actor.default-dispatcher-23] ERROR lew.bing.jsoup.Demo3$YueWenActor - 更新失败: 今天更新可能延迟到晚上8点左右
2017-08-26 19:07:22.444 [jsoup-akka.actor.default-dispatcher-23] ERROR lew.bing.jsoup.Demo3$YueWenActor - 更新失败: 今天更新可能延迟到晚上8点左右
2017-08-26 19:07:24.203 [jsoup-akka.actor.default-dispatcher-20] ERROR lew.bing.jsoup.Demo3$YueWenActor - 更新失败: 金矿说......
2017-08-26 19:07:24.203 [jsoup-akka.actor.default-dispatcher-20] ERROR lew.bing.jsoup.Demo3$YueWenActor - 更新失败: 金矿说......
2017-08-26 19:07:25.566 [jsoup-akka.actor.default-dispatcher-16] ERROR lew.bing.jsoup.Demo3$YueWenActor - 更新失败: 新的一周开始了，求大家丢一张推荐票支持我吧！
2017-08-26 19:07:25.566 [jsoup-akka.actor.default-dispatcher-16] ERROR lew.bing.jsoup.Demo3$YueWenActor - 更新失败: 新的一周开始了，求大家丢一张推荐票支持我吧！
2017-08-26 19:07:27.557 [jsoup-akka.actor.default-dispatcher-28] ERROR lew.bing.jsoup.Demo3$YueWenActor - 更新失败: 泪奔中，泣求一张推荐票
2017-08-26 19:07:27.557 [jsoup-akka.actor.default-dispatcher-28] ERROR lew.bing.jsoup.Demo3$YueWenActor - 更新失败: 泪奔中，泣求一张推荐票
2017-08-26 19:07:28.026 [jsoup-akka.actor.default-dispatcher-31] ERROR lew.bing.jsoup.Demo3$YueWenActor - 更新失败: 数据分析求推荐票月票
2017-08-26 19:07:28.026 [jsoup-akka.actor.default-dispatcher-31] ERROR lew.bing.jsoup.Demo3$YueWenActor - 更新失败: 数据分析求推荐票月票
2017-08-26 19:07:29.371 [jsoup-akka.actor.default-dispatcher-20] ERROR lew.bing.jsoup.Demo3$YueWenActor - 更新失败: 通知
2017-08-26 19:07:29.371 [jsoup-akka.actor.default-dispatcher-20] ERROR lew.bing.jsoup.Demo3$YueWenActor - 更新失败: 通知
2017-08-26 19:07:29.899 [jsoup-akka.actor.default-dispatcher-23] ERROR lew.bing.jsoup.Demo3$YueWenActor - 更新失败: 四更爆发完毕，求月票推荐票
2017-08-26 19:07:29.899 [jsoup-akka.actor.default-dispatcher-23] ERROR lew.bing.jsoup.Demo3$YueWenActor - 更新失败: 四更爆发完毕，求月票推荐票
2017-08-26 19:07:38.697 [jsoup-akka.actor.default-dispatcher-28] ERROR lew.bing.jsoup.Demo3$YueWenActor - 更新失败: 五更爆发，一万五千字求推荐票！月票！
2017-08-26 19:07:38.697 [jsoup-akka.actor.default-dispatcher-28] ERROR lew.bing.jsoup.Demo3$YueWenActor - 更新失败: 五更爆发，一万五千字求推荐票！月票！
2017-08-26 19:07:43.374 [jsoup-akka.actor.default-dispatcher-2] ERROR lew.bing.jsoup.Demo3$YueWenActor - 更新失败: 互动百科，嘿嘿，喜欢猜测剧情的就进来吧。
2017-08-26 19:07:43.374 [jsoup-akka.actor.default-dispatcher-2] ERROR lew.bing.jsoup.Demo3$YueWenActor - 更新失败: 互动百科，嘿嘿，喜欢猜测剧情的就进来吧。
2017-08-26 19:07:45.772 [jsoup-akka.actor.default-dispatcher-28] ERROR lew.bing.jsoup.Demo3$YueWenActor - 更新失败: 本周无推荐，求朋友们援助
2017-08-26 19:07:45.772 [jsoup-akka.actor.default-dispatcher-28] ERROR lew.bing.jsoup.Demo3$YueWenActor - 更新失败: 本周无推荐，求朋友们援助
2017-08-26 19:07:48.685 [jsoup-akka.actor.default-dispatcher-20] ERROR lew.bing.jsoup.Demo3$YueWenActor - 更新失败: 医院一日游有感。
2017-08-26 19:07:48.685 [jsoup-akka.actor.default-dispatcher-20] ERROR lew.bing.jsoup.Demo3$YueWenActor - 更新失败: 医院一日游有感。
2017-08-26 19:07:49.344 [jsoup-akka.actor.default-dispatcher-12] ERROR lew.bing.jsoup.Demo3$YueWenActor - 更新失败: 腕关节腱鞘炎犯了，去医院了
2017-08-26 19:07:49.344 [jsoup-akka.actor.default-dispatcher-12] ERROR lew.bing.jsoup.Demo3$YueWenActor - 更新失败: 腕关节腱鞘炎犯了，去医院了
2017-08-26 19:07:50.712 [jsoup-akka.actor.default-dispatcher-20] ERROR lew.bing.jsoup.Demo3$YueWenActor - 更新失败: 话说月初了，还是得求一求月票。
2017-08-26 19:07:50.712 [jsoup-akka.actor.default-dispatcher-20] ERROR lew.bing.jsoup.Demo3$YueWenActor - 更新失败: 话说月初了，还是得求一求月票。
2017-08-26 19:08:04.641 [jsoup-akka.actor.default-dispatcher-28] ERROR lew.bing.jsoup.Demo3$YueWenActor - 更新失败: 检讨书.....
2017-08-26 19:08:04.641 [jsoup-akka.actor.default-dispatcher-28] ERROR lew.bing.jsoup.Demo3$YueWenActor - 更新失败: 检讨书.....
2017-08-26 19:08:05.174 [jsoup-akka.actor.default-dispatcher-23] ERROR lew.bing.jsoup.Demo3$YueWenActor - 更新失败: 这周本书裸奔，急需推荐票占位。
2017-08-26 19:08:05.174 [jsoup-akka.actor.default-dispatcher-23] ERROR lew.bing.jsoup.Demo3$YueWenActor - 更新失败: 这周本书裸奔，急需推荐票占位。
2017-08-26 19:08:06.529 [jsoup-akka.actor.default-dispatcher-15] ERROR lew.bing.jsoup.Demo3$YueWenActor - 更新失败: 两天二万四千字爆发，求最后双倍月票......
2017-08-26 19:08:06.529 [jsoup-akka.actor.default-dispatcher-15] ERROR lew.bing.jsoup.Demo3$YueWenActor - 更新失败: 两天二万四千字爆发，求最后双倍月票......
2017-08-26 19:08:08.453 [jsoup-akka.actor.default-dispatcher-20] ERROR lew.bing.jsoup.Demo3$YueWenActor - 更新失败: 月票被抛到二十多名啦，求支援。
2017-08-26 19:08:08.453 [jsoup-akka.actor.default-dispatcher-20] ERROR lew.bing.jsoup.Demo3$YueWenActor - 更新失败: 月票被抛到二十多名啦，求支援。
2017-08-26 19:08:12.408 [jsoup-akka.actor.default-dispatcher-13] ERROR lew.bing.jsoup.Demo3$YueWenActor - 更新失败: 六更爆发，18000字求票！！！
2017-08-26 19:08:12.408 [jsoup-akka.actor.default-dispatcher-13] ERROR lew.bing.jsoup.Demo3$YueWenActor - 更新失败: 六更爆发，18000字求票！！！
2017-08-26 19:08:15.386 [jsoup-akka.actor.default-dispatcher-20] ERROR lew.bing.jsoup.Demo3$YueWenActor - 更新失败: 更新说明以及......请原谅我的固执......
2017-08-26 19:08:15.386 [jsoup-akka.actor.default-dispatcher-20] ERROR lew.bing.jsoup.Demo3$YueWenActor - 更新失败: 更新说明以及......请原谅我的固执......
2017-08-26 19:08:24.307 [jsoup-akka.actor.default-dispatcher-12] ERROR lew.bing.jsoup.Demo3$YueWenActor - 更新失败: 要被挤下推荐榜了，泪求推荐票。
2017-08-26 19:08:24.307 [jsoup-akka.actor.default-dispatcher-12] ERROR lew.bing.jsoup.Demo3$YueWenActor - 更新失败: 要被挤下推荐榜了，泪求推荐票。
2017-08-26 19:08:27.440 [jsoup-akka.actor.default-dispatcher-31] ERROR lew.bing.jsoup.Demo3$YueWenActor - 更新失败: 码字码到大出血.......
2017-08-26 19:08:27.440 [jsoup-akka.actor.default-dispatcher-31] ERROR lew.bing.jsoup.Demo3$YueWenActor - 更新失败: 码字码到大出血.......
2017-08-26 19:08:39.623 [jsoup-akka.actor.default-dispatcher-23] ERROR lew.bing.jsoup.Demo3$YueWenActor - 更新失败: 六更18000字求推荐票！！
2017-08-26 19:08:39.623 [jsoup-akka.actor.default-dispatcher-23] ERROR lew.bing.jsoup.Demo3$YueWenActor - 更新失败: 六更18000字求推荐票！！
2017-08-26 19:08:42.125 [jsoup-akka.actor.default-dispatcher-20] ERROR lew.bing.jsoup.Demo3$YueWenActor - 更新失败: 嘿嘿，很久没和大家互动了。有奖问答喔。
2017-08-26 19:08:42.125 [jsoup-akka.actor.default-dispatcher-20] ERROR lew.bing.jsoup.Demo3$YueWenActor - 更新失败: 嘿嘿，很久没和大家互动了。有奖问答喔。
2017-08-26 19:08:44.427 [jsoup-akka.actor.default-dispatcher-2] ERROR lew.bing.jsoup.Demo3$YueWenActor - 更新失败: 六更18000字爆发求推荐！
2017-08-26 19:08:44.427 [jsoup-akka.actor.default-dispatcher-2] ERROR lew.bing.jsoup.Demo3$YueWenActor - 更新失败: 六更18000字爆发求推荐！
2017-08-26 19:08:48.581 [jsoup-akka.actor.default-dispatcher-20] ERROR lew.bing.jsoup.Demo3$YueWenActor - 更新失败: 五更爆发求推荐票，月票！
2017-08-26 19:08:48.581 [jsoup-akka.actor.default-dispatcher-20] ERROR lew.bing.jsoup.Demo3$YueWenActor - 更新失败: 五更爆发求推荐票，月票！



2017-08-26 19:16:21.827 [jsoup-akka.actor.default-dispatcher-2] ERROR lew.bing.jsoup.Demo3$YueWenActor - 更新失败: 后记
2017-08-26 19:16:21.992 [jsoup-akka.actor.default-dispatcher-14] ERROR lew.bing.jsoup.Demo3$YueWenActor - 更新失败: 已经更新了书友们的47个问题回答。
2017-08-26 19:16:22.153 [jsoup-akka.actor.default-dispatcher-3] ERROR lew.bing.jsoup.Demo3$YueWenActor - 更新失败: 三天后更新终章，在公众版放出。
2017-08-26 19:16:28.086 [jsoup-akka.actor.default-dispatcher-16] ERROR lew.bing.jsoup.Demo3$YueWenActor - 更新失败: 思路不畅，明天一起更。
2017-08-26 19:16:43.162 [jsoup-akka.actor.default-dispatcher-18] ERROR lew.bing.jsoup.Demo3$YueWenActor - 更新失败: 虽然又遇到地震了，但是不会断更的。
2017-08-26 19:16:47.006 [jsoup-akka.actor.default-dispatcher-18] ERROR lew.bing.jsoup.Demo3$YueWenActor - 更新失败: 几句废话，外加有节操的道歉和告白。
2017-08-26 19:16:47.905 [jsoup-akka.actor.default-dispatcher-18] ERROR lew.bing.jsoup.Demo3$YueWenActor - 更新失败: 求下推荐票月票！被赶出推荐榜了。
2017-08-26 19:16:51.403 [jsoup-akka.actor.default-dispatcher-30] ERROR lew.bing.jsoup.Demo3$YueWenActor - 更新失败: 好可怜啊，月票掉出前50，推荐被赶出来了。
2017-08-26 19:16:52.587 [jsoup-akka.actor.default-dispatcher-30] ERROR lew.bing.jsoup.Demo3$YueWenActor - 更新失败: 恢复正常更新AND这一次出差的感想。
2017-08-26 19:16:52.770 [jsoup-akka.actor.default-dispatcher-16] ERROR lew.bing.jsoup.Demo3$YueWenActor - 更新失败: 说明下，兼道歉
2017-08-26 19:16:54.768 [jsoup-akka.actor.default-dispatcher-27] ERROR lew.bing.jsoup.Demo3$YueWenActor - 更新失败: 求一张推荐票救急！！被挤出推荐榜了！
2017-08-26 19:17:00.663 [jsoup-akka.actor.default-dispatcher-3] ERROR lew.bing.jsoup.Demo3$YueWenActor - 更新失败: 我要勃起，哦不对，奋起！我要努力更新，所以求点月票和推荐。
2017-08-26 19:17:05.906 [jsoup-akka.actor.default-dispatcher-16] ERROR lew.bing.jsoup.Demo3$YueWenActor - 更新失败: 唔，因为受到了某种不可抗拒因素的影响，所以还是凌晨双飞两章
2017-08-26 19:17:06.048 [jsoup-akka.actor.default-dispatcher-20] ERROR lew.bing.jsoup.Demo3$YueWenActor - 更新失败: 太丢人了........月票滑出前二十了，求两张月票遮羞啊。
2017-08-26 19:17:06.211 [jsoup-akka.actor.default-dispatcher-16] ERROR lew.bing.jsoup.Demo3$YueWenActor - 更新失败: 求月票，冲锋号！！我要死在冲锋的路上！
2017-08-26 19:17:06.567 [jsoup-akka.actor.default-dispatcher-28] ERROR lew.bing.jsoup.Demo3$YueWenActor - 更新失败: 中了缚的诅咒了！轻伤不下火线，早上7点诚恳求一张月票。
2017-08-26 19:17:07.328 [jsoup-akka.actor.default-dispatcher-20] ERROR lew.bing.jsoup.Demo3$YueWenActor - 更新失败: 每个月的那几天.......哦不对，应该是每周的那几天。
2017-08-26 19:17:11.983 [jsoup-akka.actor.default-dispatcher-30] ERROR lew.bing.jsoup.Demo3$YueWenActor - 更新失败: 打滚求推荐以及一些说明
2017-08-26 19:17:14.291 [jsoup-akka.actor.default-dispatcher-2] ERROR lew.bing.jsoup.Demo3$YueWenActor - 更新失败: 过小年了，讨张保底月票喜庆下！
2017-08-26 19:17:14.820 [jsoup-akka.actor.default-dispatcher-20] ERROR lew.bing.jsoup.Demo3$YueWenActor - 更新失败: 为了合群，不被打死，所以只能悲声求月票。
2017-08-26 19:17:17.672 [jsoup-akka.actor.default-dispatcher-3] ERROR lew.bing.jsoup.Demo3$YueWenActor - 更新失败: 今天三更一起发，凌晨更。
2017-08-26 19:17:19.515 [jsoup-akka.actor.default-dispatcher-4] ERROR lew.bing.jsoup.Demo3$YueWenActor - 更新失败: 更新推迟到凌晨，大家明天早上起来看吧。
2017-08-26 19:17:19.639 [jsoup-akka.actor.default-dispatcher-3] ERROR lew.bing.jsoup.Demo3$YueWenActor - 更新失败: 快被赶出推荐榜了！求支援啊！
2017-08-26 19:17:23.684 [jsoup-akka.actor.default-dispatcher-28] ERROR lew.bing.jsoup.Demo3$YueWenActor - 更新失败: 蛋疼了，鞭也疼！！求卫生巾，云南白药，碘酒，酒精止血！
2017-08-26 19:17:23.688 [jsoup-akka.actor.default-dispatcher-18] ERROR lew.bing.jsoup.Demo3$YueWenActor - 更新失败: 病了，请假一天。
2017-08-26 19:17:23.973 [jsoup-akka.actor.default-dispatcher-28] ERROR lew.bing.jsoup.Demo3$YueWenActor - 更新失败: 铁处女照片+最后一天！过期无效了！
2017-08-26 19:17:30.457 [jsoup-akka.actor.default-dispatcher-28] ERROR lew.bing.jsoup.Demo3$YueWenActor - 更新失败: 唔，更新凌晨一起发
2017-08-26 19:17:30.559 [jsoup-akka.actor.default-dispatcher-22] ERROR lew.bing.jsoup.Demo3$YueWenActor - 更新失败: 好吧，我忽然发觉我真傻......
2017-08-26 19:17:30.753 [jsoup-akka.actor.default-dispatcher-21] ERROR lew.bing.jsoup.Demo3$YueWenActor - 更新失败: 如果真的有世界末日.......
2017-08-26 19:17:36.127 [jsoup-akka.actor.default-dispatcher-30] ERROR lew.bing.jsoup.Demo3$YueWenActor - 更新失败: 剧烈咳嗽中，求大家给一张推荐票吧！月票也要！
2017-08-26 19:17:37.637 [jsoup-akka.actor.default-dispatcher-22] ERROR lew.bing.jsoup.Demo3$YueWenActor - 更新失败: 该死的网络依然坏掉的，所以.....
2017-08-26 19:17:38.998 [jsoup-akka.actor.default-dispatcher-30] ERROR lew.bing.jsoup.Demo3$YueWenActor - 更新失败: 月初了，还是求一下下月票！因为才70名......
2017-08-26 19:17:42.110 [jsoup-akka.actor.default-dispatcher-20] ERROR lew.bing.jsoup.Demo3$YueWenActor - 更新失败: 周一了，求月票推荐票
2017-08-26 19:17:47.308 [jsoup-akka.actor.default-dispatcher-2] ERROR lew.bing.jsoup.Demo3$YueWenActor - 更新失败: 求推荐票！！求上榜，太惨了，
2017-08-26 19:17:47.819 [jsoup-akka.actor.default-dispatcher-18] ERROR lew.bing.jsoup.Demo3$YueWenActor - 更新失败: 推翻了一章重写，所以更新延迟，总量不变。
2017-08-26 19:17:49.369 [jsoup-akka.actor.default-dispatcher-16] ERROR lew.bing.jsoup.Demo3$YueWenActor - 更新失败: 最近几章内容的一些说明(非求票，请转载）
2017-08-26 19:17:52.118 [jsoup-akka.actor.default-dispatcher-20] ERROR lew.bing.jsoup.Demo3$YueWenActor - 更新失败: 刚来电，现在开始码字。
2017-08-26 19:17:52.203 [jsoup-akka.actor.default-dispatcher-30] ERROR lew.bing.jsoup.Demo3$YueWenActor - 更新失败: 郁闷啊！！求推荐票月票安慰下。
2017-08-26 19:17:57.211 [jsoup-akka.actor.default-dispatcher-28] ERROR lew.bing.jsoup.Demo3$YueWenActor - 更新失败: 66
2017-08-26 19:17:57.394 [jsoup-akka.actor.default-dispatcher-22] ERROR lew.bing.jsoup.Demo3$YueWenActor - 更新失败: 55
2017-08-26 19:17:57.743 [jsoup-akka.actor.default-dispatcher-30] ERROR lew.bing.jsoup.Demo3$YueWenActor - 更新失败: 44
2017-08-26 19:17:58.256 [jsoup-akka.actor.default-dispatcher-31] ERROR lew.bing.jsoup.Demo3$YueWenActor - 更新失败: 求月票！求抚摸，求吃喝！
2017-08-26 19:18:03.722 [jsoup-akka.actor.default-dispatcher-25] ERROR lew.bing.jsoup.Demo3$YueWenActor - 更新失败: 下榜了！！！泪水求推荐票一张
2017-08-26 19:18:14.314 [jsoup-akka.actor.default-dispatcher-2] ERROR lew.bing.jsoup.Demo3$YueWenActor - 更新失败: 啥也不说了，最精彩的部分即将来临，值不值得大家投点月票和推荐票？
2017-08-26 19:18:21.162 [jsoup-akka.actor.default-dispatcher-18] ERROR lew.bing.jsoup.Demo3$YueWenActor - 更新失败: 说明
2017-08-26 19:18:22.546 [jsoup-akka.actor.default-dispatcher-19] ERROR lew.bing.jsoup.Demo3$YueWenActor - 更新失败: 倒数第二了！推荐榜告急........
2017-08-26 19:18:22.888 [jsoup-akka.actor.default-dispatcher-18] ERROR lew.bing.jsoup.Demo3$YueWenActor - 更新失败: 唔，传说中很好玩的游戏。
2017-08-26 19:18:24.611 [jsoup-akka.actor.default-dispatcher-28] ERROR lew.bing.jsoup.Demo3$YueWenActor - 更新失败: 月初了，求一切票
2017-08-26 19:18:27.153 [jsoup-akka.actor.default-dispatcher-2] ERROR lew.bing.jsoup.Demo3$YueWenActor - 更新失败: 周一求推荐票以及一些说明。
2017-08-26 19:18:30.653 [jsoup-akka.actor.default-dispatcher-19] ERROR lew.bing.jsoup.Demo3$YueWenActor - 更新失败: 今天出了点事情，电话也丢了，更新会晚一点，不过还是三更
2017-08-26 19:18:30.885 [jsoup-akka.actor.default-dispatcher-15] ERROR lew.bing.jsoup.Demo3$YueWenActor - 更新失败: 连续4天爆发9000字了，能给点奖励吗？
2017-08-26 19:18:36.227 [jsoup-akka.actor.default-dispatcher-20] ERROR lew.bing.jsoup.Demo3$YueWenActor - 更新失败: 两个好消息喔！
2017-08-26 19:18:37.571 [jsoup-akka.actor.default-dispatcher-18] ERROR lew.bing.jsoup.Demo3$YueWenActor - 更新失败: 我真傻.....
2017-08-26 19:18:41.345 [jsoup-akka.actor.default-dispatcher-20] ERROR lew.bing.jsoup.Demo3$YueWenActor - 更新失败: 求推荐票，快被赶出推荐榜了。
2017-08-26 19:18:45.911 [jsoup-akka.actor.default-dispatcher-2] ERROR lew.bing.jsoup.Demo3$YueWenActor - 更新失败: 通知
2017-08-26 19:18:46.859 [jsoup-akka.actor.default-dispatcher-25] ERROR lew.bing.jsoup.Demo3$YueWenActor - 更新失败: 唔，传说中的代言
2017-08-26 19:18:50.109 [jsoup-akka.actor.default-dispatcher-16] ERROR lew.bing.jsoup.Demo3$YueWenActor - 更新失败: 今天去医院拿采样培养报告去了，会晚点更新。
2017-08-26 19:18:50.657 [jsoup-akka.actor.default-dispatcher-20] ERROR lew.bing.jsoup.Demo3$YueWenActor - 更新失败: 很小概率的终章.......
2017-08-26 19:18:51.884 [jsoup-akka.actor.default-dispatcher-2] ERROR lew.bing.jsoup.Demo3$YueWenActor - 更新失败: 感谢大家的支持，感谢大家的热情，继续求下票
2017-08-26 19:18:54.678 [jsoup-akka.actor.default-dispatcher-15] ERROR lew.bing.jsoup.Demo3$YueWenActor - 更新失败: 求大神之光，被爆掉了，惨........
2017-08-26 19:18:55.157 [jsoup-akka.actor.default-dispatcher-4] ERROR lew.bing.jsoup.Demo3$YueWenActor - 更新失败: 快被赶出推荐榜了，求火力支援......
2017-08-26 19:18:55.678 [jsoup-akka.actor.default-dispatcher-2] ERROR lew.bing.jsoup.Demo3$YueWenActor - 更新失败: 痛苦的卡文.......今天请假
2017-08-26 19:18:56.207 [jsoup-akka.actor.default-dispatcher-24] ERROR lew.bing.jsoup.Demo3$YueWenActor - 更新失败: 上VIP更新字数榜了，求票求徽章........
2017-08-26 19:18:57.032 [jsoup-akka.actor.default-dispatcher-24] ERROR lew.bing.jsoup.Demo3$YueWenActor - 更新失败: 求大家帮忙.....一件小事
2017-08-26 19:18:59.360 [jsoup-akka.actor.default-dispatcher-4] ERROR lew.bing.jsoup.Demo3$YueWenActor - 更新失败: 咳咳，本周我又没推荐，大家可以赏一张票不？
2017-08-26 19:18:59.431 [jsoup-akka.actor.default-dispatcher-31] ERROR lew.bing.jsoup.Demo3$YueWenActor - 更新失败: 通知，第三十二章出现了大BUG，正在重写，11点以前更新。
2017-08-26 19:18:59.445 [jsoup-akka.actor.default-dispatcher-31] ERROR lew.bing.jsoup.Demo3$YueWenActor - 更新失败: 裸奔无推荐！求大家推荐我！推荐票，月票什么都要。（内附互动竞猜）
2017-08-26 19:19:03.567 [jsoup-akka.actor.default-dispatcher-16] ERROR lew.bing.jsoup.Demo3$YueWenActor - 更新失败: 悲催的我的失踪经历。（下）
2017-08-26 19:19:03.774 [jsoup-akka.actor.default-dispatcher-31] ERROR lew.bing.jsoup.Demo3$YueWenActor - 更新失败: 悲催的我的失踪经历。（上）
2017-08-26 19:19:03.790 [jsoup-akka.actor.default-dispatcher-18] ERROR lew.bing.jsoup.Demo3$YueWenActor - 更新失败: 好吧，我被骗了.........
2017-08-26 19:19:04.294 [jsoup-akka.actor.default-dispatcher-18] ERROR lew.bing.jsoup.Demo3$YueWenActor - 更新失败: 快要被赶出周推榜了......怎么办？
2017-08-26 19:19:06.486 [jsoup-akka.actor.default-dispatcher-28] ERROR lew.bing.jsoup.Demo3$YueWenActor - 更新失败: 新的一周求推荐票，还有风骚的吐槽.....
2017-08-26 19:19:14.319 [jsoup-akka.actor.default-dispatcher-19] ERROR lew.bing.jsoup.Demo3$YueWenActor - 更新失败: 有推荐了！却依然裸奔，命苦，泪水！求推荐票！
2017-08-26 19:19:14.441 [jsoup-akka.actor.default-dispatcher-14] ERROR lew.bing.jsoup.Demo3$YueWenActor - 更新失败: 我有罪，求判决......
2017-08-26 19:19:20.497 [jsoup-akka.actor.default-dispatcher-2] ERROR lew.bing.jsoup.Demo3$YueWenActor - 更新失败: 十四更爆发求票！顺带给个小结说明。
2017-08-26 19:19:20.859 [jsoup-akka.actor.default-dispatcher-2] ERROR lew.bing.jsoup.Demo3$YueWenActor - 更新失败: 十四更爆发求票！顺带给个小结说明。
2017-08-26 19:19:21.018 [jsoup-akka.actor.default-dispatcher-28] ERROR lew.bing.jsoup.Demo3$YueWenActor - 更新失败: 大家可怜可怜我，让我先吃饭吧.......12点继续爆
2017-08-26 19:19:26.887 [jsoup-akka.actor.default-dispatcher-3] ERROR lew.bing.jsoup.Demo3$YueWenActor - 更新失败: 裸奔中！求一张推荐票给敏感部位打上马赛克....
2017-08-26 19:19:27.886 [jsoup-akka.actor.default-dispatcher-15] ERROR lew.bing.jsoup.Demo3$YueWenActor - 更新失败: 关于某悲催感染的瘟疫的病情说明
2017-08-26 19:19:31.517 [jsoup-akka.actor.default-dispatcher-28] ERROR lew.bing.jsoup.Demo3$YueWenActor - 更新失败: 高潮即将到来，最精彩的部分，需要推荐票滋阴壮阳啊！
2017-08-26 19:19:31.523 [jsoup-akka.actor.default-dispatcher-24] ERROR lew.bing.jsoup.Demo3$YueWenActor - 更新失败: 唔，发现了一本蛮不错的书。
2017-08-26 19:19:32.059 [jsoup-akka.actor.default-dispatcher-3] ERROR lew.bing.jsoup.Demo3$YueWenActor - 更新失败: 推荐票一泄千里啊！！求大家注入持久力！
2017-08-26 19:19:35.300 [jsoup-akka.actor.default-dispatcher-14] ERROR lew.bing.jsoup.Demo3$YueWenActor - 更新失败: 本周裸奔，咬牙忍痛求一张推荐票
2017-08-26 19:19:35.326 [jsoup-akka.actor.default-dispatcher-4] ERROR lew.bing.jsoup.Demo3$YueWenActor - 更新失败: 冲刺！百万推荐票！
2017-08-26 19:19:37.417 [jsoup-akka.actor.default-dispatcher-14] ERROR lew.bing.jsoup.Demo3$YueWenActor - 更新失败: 深深的悼念，深深的伤感........
2017-08-26 19:19:41.092 [jsoup-akka.actor.default-dispatcher-4] ERROR lew.bing.jsoup.Demo3$YueWenActor - 更新失败: 金矿说......
2017-08-26 19:19:41.148 [jsoup-akka.actor.default-dispatcher-4] ERROR lew.bing.jsoup.Demo3$YueWenActor - 更新失败: 新的一周开始了，求大家丢一张推荐票支持我吧！
2017-08-26 19:19:45.365 [jsoup-akka.actor.default-dispatcher-4] ERROR lew.bing.jsoup.Demo3$YueWenActor - 更新失败: 泪奔中，泣求一张推荐票
2017-08-26 19:19:45.577 [jsoup-akka.actor.default-dispatcher-2] ERROR lew.bing.jsoup.Demo3$YueWenActor - 更新失败: 数据分析求推荐票月票
2017-08-26 19:19:45.717 [jsoup-akka.actor.default-dispatcher-2] ERROR lew.bing.jsoup.Demo3$YueWenActor - 更新失败: 通知
2017-08-26 19:19:45.894 [jsoup-akka.actor.default-dispatcher-29] ERROR lew.bing.jsoup.Demo3$YueWenActor - 更新失败: 四更爆发完毕，求月票推荐票
2017-08-26 19:19:47.095 [jsoup-akka.actor.default-dispatcher-28] ERROR lew.bing.jsoup.Demo3$YueWenActor - 更新失败: 泪求一张推荐票，都掉得不成样子了。
2017-08-26 19:19:52.641 [jsoup-akka.actor.default-dispatcher-16] ERROR lew.bing.jsoup.Demo3$YueWenActor - 更新失败: 唔，真的很难以启齿呢........
2017-08-26 19:19:54.034 [jsoup-akka.actor.default-dispatcher-23] ERROR lew.bing.jsoup.Demo3$YueWenActor - 更新失败: 本周无推荐，求大家一张推荐票.....
2017-08-26 19:19:56.779 [jsoup-akka.actor.default-dispatcher-18] ERROR lew.bing.jsoup.Demo3$YueWenActor - 更新失败: 五更爆发，一万五千字求推荐票！月票！
2017-08-26 19:19:57.652 [jsoup-akka.actor.default-dispatcher-25] ERROR lew.bing.jsoup.Demo3$YueWenActor - 更新失败: 更新预告以及求票
2017-08-26 19:20:03.224 [jsoup-akka.actor.default-dispatcher-30] ERROR lew.bing.jsoup.Demo3$YueWenActor - 更新失败: 互动百科，嘿嘿，喜欢猜测剧情的就进来吧。
2017-08-26 19:20:07.028 [jsoup-akka.actor.default-dispatcher-27] ERROR lew.bing.jsoup.Demo3$YueWenActor - 更新失败: 医院一日游有感。
2017-08-26 19:20:07.269 [jsoup-akka.actor.default-dispatcher-16] ERROR lew.bing.jsoup.Demo3$YueWenActor - 更新失败: 腕关节腱鞘炎犯了，去医院了
2017-08-26 19:20:07.404 [jsoup-akka.actor.default-dispatcher-16] ERROR lew.bing.jsoup.Demo3$YueWenActor - 更新失败: 话说月初了，还是得求一求月票。
2017-08-26 19:20:11.750 [jsoup-akka.actor.default-dispatcher-23] ERROR lew.bing.jsoup.Demo3$YueWenActor - 更新失败: 通知
2017-08-26 19:20:14.722 [jsoup-akka.actor.default-dispatcher-12] ERROR lew.bing.jsoup.Demo3$YueWenActor - 更新失败: 六更18000字爆发！求大家新年快乐，万事如意！
2017-08-26 19:20:19.254 [jsoup-akka.actor.default-dispatcher-19] ERROR lew.bing.jsoup.Demo3$YueWenActor - 更新失败: 继续爆发求推荐
2017-08-26 19:20:19.985 [jsoup-akka.actor.default-dispatcher-2] ERROR lew.bing.jsoup.Demo3$YueWenActor - 更新失败: 雾歌妹子未删节版放出！！！
2017-08-26 19:20:20.532 [jsoup-akka.actor.default-dispatcher-31] ERROR lew.bing.jsoup.Demo3$YueWenActor - 更新失败: 雾歌妹子未删节版放出！！！
2017-08-26 19:20:26.823 [jsoup-akka.actor.default-dispatcher-28] ERROR lew.bing.jsoup.Demo3$YueWenActor - 更新失败: 新年新月新周新气象，祝大家万事如意！
2017-08-26 19:20:26.855 [jsoup-akka.actor.default-dispatcher-4] ERROR lew.bing.jsoup.Demo3$YueWenActor - 更新失败: 这周本书裸奔，急需推荐票占位。
2017-08-26 19:20:30.924 [jsoup-akka.actor.default-dispatcher-2] ERROR lew.bing.jsoup.Demo3$YueWenActor - 更新失败: 要被挤下推荐榜了，泪求推荐票。
2017-08-26 19:20:31.709 [jsoup-akka.actor.default-dispatcher-27] ERROR lew.bing.jsoup.Demo3$YueWenActor - 更新失败: 很诚恳的请求大家原谅，关于爆发推迟。
2017-08-26 19:20:32.198 [jsoup-akka.actor.default-dispatcher-30] ERROR lew.bing.jsoup.Demo3$YueWenActor - 更新失败: 四更爆发12000字求推荐票
2017-08-26 19:20:42.984 [jsoup-akka.actor.default-dispatcher-21] ERROR lew.bing.jsoup.Demo3$YueWenActor - 更新失败: 好汉饶命啊!!!
2017-08-26 19:20:47.242 [jsoup-akka.actor.default-dispatcher-12] ERROR lew.bing.jsoup.Demo3$YueWenActor - 更新失败: 六更18000字求推荐票！！
2017-08-26 19:20:51.568 [jsoup-akka.actor.default-dispatcher-30] ERROR lew.bing.jsoup.Demo3$YueWenActor - 更新失败: 嘿嘿，很久没和大家互动了。有奖问答喔。
2017-08-26 19:20:51.619 [jsoup-akka.actor.default-dispatcher-30] ERROR lew.bing.jsoup.Demo3$YueWenActor - 更新失败: 六更18000字爆发求推荐！
2017-08-26 19:20:55.817 [jsoup-akka.actor.default-dispatcher-2] ERROR lew.bing.jsoup.Demo3$YueWenActor - 更新失败: 五更爆发求推荐票，月票！
2017-08-26 19:21:02.868 [jsoup-akka.actor.default-dispatcher-16] ERROR lew.bing.jsoup.Demo3$YueWenActor - 更新失败: 大声求票！月票推荐票订阅都要！
